<?xml version="1.0" encoding="UTF-8"?>
<!-- Generated by org.testng.reporters.JUnitXMLReporter -->
<testsuite ignored="0" hostname="LAPTOP-B79VD18R" failures="0" tests="1" name="Test2" time="0.129" errors="0" timestamp="2022-09-15T03:39:43 IST">
  <testcase classname="tempTestPack.OfferholidayTestNG" name="@BeforeTest launchBrowser" time="0.074">
    <failure type="org.openqa.selenium.WebDriverException" message="Cannot find firefox binary in PATH. Make sure firefox is installed. OS appears to be: WIN10
Build info: version: &amp;apos;3.141.59&amp;apos;, revision: &amp;apos;e82be7d358&amp;apos;, time: &amp;apos;2018-11-14T08:17:03&amp;apos;
System info: host: &amp;apos;LAPTOP-B79VD18R&amp;apos;, ip: &amp;apos;192.168.29.154&amp;apos;, os.name: &amp;apos;Windows 10&amp;apos;, os.arch: &amp;apos;amd64&amp;apos;, os.version: &amp;apos;10.0&amp;apos;, java.version: &amp;apos;18.0.1.1&amp;apos;
Driver info: driver.version: FirefoxDriver">
      <![CDATA[org.openqa.selenium.WebDriverException: Cannot find firefox binary in PATH. Make sure firefox is installed. OS appears to be: WIN10
Build info: version: '3.141.59', revision: 'e82be7d358', time: '2018-11-14T08:17:03'
System info: host: 'LAPTOP-B79VD18R', ip: '192.168.29.154', os.name: 'Windows 10', os.arch: 'amd64', os.version: '10.0', java.version: '18.0.1.1'
Driver info: driver.version: FirefoxDriver
at org.openqa.selenium.firefox.FirefoxBinary.<init>(FirefoxBinary.java:100)
at java.base/java.util.Optional.orElseGet(Optional.java:364)
at org.openqa.selenium.firefox.FirefoxOptions.getBinary(FirefoxOptions.java:216)
at org.openqa.selenium.firefox.FirefoxDriver.toExecutor(FirefoxDriver.java:187)
at org.openqa.selenium.firefox.FirefoxDriver.<init>(FirefoxDriver.java:147)
at org.openqa.selenium.firefox.FirefoxDriver.<init>(FirefoxDriver.java:125)
at setupbrowser.Base.openfirefox(Base.java:18)
at tempTestPack.OfferholidayTestNG.launchBrowser(OfferholidayTestNG.java:39)
... Removed 22 stack frames]]>
    </failure>
  </testcase> <!-- @BeforeTest launchBrowser -->
  <testcase classname="tempTestPack.OfferholidayTestNG" name="@BeforeClass creatpomobjects" time="-1.663193382952E9">
    <skipped/>
  </testcase> <!-- @BeforeClass creatpomobjects -->
  <testcase classname="tempTestPack.OfferholidayTestNG" name="@BeforeMethod getoffer" time="-1.663193382966E9">
    <skipped/>
  </testcase> <!-- @BeforeMethod getoffer -->
  <testcase classname="tempTestPack.OfferholidayTestNG" name="@AfterClass cleanpomobjects" time="-1.663193382971E9">
    <skipped/>
  </testcase> <!-- @AfterClass cleanpomobjects -->
  <testcase classname="tempTestPack.OfferholidayTestNG" name="@AfterTest closebrowser" time="-1.663193382973E9">
    <skipped/>
  </testcase> <!-- @AfterTest closebrowser -->
  <testcase classname="tempTestPack.OfferholidayTestNG" name="getrequiredlist" time="0.0">
    <skipped/>
  </testcase> <!-- getrequiredlist -->
</testsuite> <!-- Test2 -->
