<?xml version="1.0" encoding="UTF-8"?>
<!-- Generated by org.testng.reporters.JUnitXMLReporter -->
<testsuite ignored="1" hostname="LAPTOP-B79VD18R" failures="0" tests="1" name="Test1" time="0.661" errors="0" timestamp="2022-09-15T09:01:53 IST">
  <testcase classname="tempTestPack.Senario1and2TestNG" name="@BeforeTest launchBrowser" time="0.444">
    <failure type="org.openqa.selenium.WebDriverException" message="Cannot find firefox binary in PATH. Make sure firefox is installed. OS appears to be: WIN10
Build info: version: &amp;apos;3.141.59&amp;apos;, revision: &amp;apos;e82be7d358&amp;apos;, time: &amp;apos;2018-11-14T08:17:03&amp;apos;
System info: host: &amp;apos;LAPTOP-B79VD18R&amp;apos;, ip: &amp;apos;192.168.29.154&amp;apos;, os.name: &amp;apos;Windows 10&amp;apos;, os.arch: &amp;apos;amd64&amp;apos;, os.version: &amp;apos;10.0&amp;apos;, java.version: &amp;apos;18.0.1.1&amp;apos;
Driver info: driver.version: FirefoxDriver">
      <![CDATA[org.openqa.selenium.WebDriverException: Cannot find firefox binary in PATH. Make sure firefox is installed. OS appears to be: WIN10
Build info: version: '3.141.59', revision: 'e82be7d358', time: '2018-11-14T08:17:03'
System info: host: 'LAPTOP-B79VD18R', ip: '192.168.29.154', os.name: 'Windows 10', os.arch: 'amd64', os.version: '10.0', java.version: '18.0.1.1'
Driver info: driver.version: FirefoxDriver
at org.openqa.selenium.firefox.FirefoxBinary.<init>(FirefoxBinary.java:100)
at java.base/java.util.Optional.orElseGet(Optional.java:364)
at org.openqa.selenium.firefox.FirefoxOptions.getBinary(FirefoxOptions.java:216)
at org.openqa.selenium.firefox.FirefoxDriver.toExecutor(FirefoxDriver.java:187)
at org.openqa.selenium.firefox.FirefoxDriver.<init>(FirefoxDriver.java:147)
at org.openqa.selenium.firefox.FirefoxDriver.<init>(FirefoxDriver.java:125)
at setupbrowser.Base.openfirefox(Base.java:18)
at tempTestPack.Senario1and2TestNG.launchBrowser(Senario1and2TestNG.java:44)
... Removed 22 stack frames]]>
    </failure>
  </testcase> <!-- @BeforeTest launchBrowser -->
  <testcase classname="tempTestPack.Senario1and2TestNG" name="@BeforeClass creatpomobjects" time="-1.663212712905E9">
    <skipped/>
  </testcase> <!-- @BeforeClass creatpomobjects -->
  <testcase classname="tempTestPack.Senario1and2TestNG" name="@AfterClass cleanpomobjects" time="-1.663212712937E9">
    <skipped/>
  </testcase> <!-- @AfterClass cleanpomobjects -->
  <testcase classname="tempTestPack.Senario1and2TestNG" name="@AfterTest closetab" time="-1.663212712942E9">
    <skipped/>
  </testcase> <!-- @AfterTest closetab -->
  <testcase classname="tempTestPack.Senario1and2TestNG" name="verifybookhotel" time="0.0">
    <skipped/>
  </testcase> <!-- verifybookhotel -->
  <testcase classname="tempTestPack.Senario1and2TestNG" name="verifydisplaysecifiedflitelist" time="0.0">
    <ignored/>
  </testcase> <!-- verifydisplaysecifiedflitelist -->
</testsuite> <!-- Test1 -->
